2025-03-01 09:00:00,010 INFO: [ModuleA] - Process initiated.
2025-03-01 09:01:00,020 DEBUG: [ModuleB] - Checking prerequisites.
2025-03-01 09:02:00,030 INFO: [ModuleA] - Process running.
2025-03-01 09:03:00,040 WARNING: [ModuleB] - Low memory warning.
2025-03-01 09:04:00,050 ERROR: [ModuleC] - Process failed due to timeout.
2025-03-01 09:05:00,060 INFO: [ModuleA] - Restarting process.
2025-03-01 09:06:00,070 DEBUG: [ModuleB] - Reinitializing configuration.
2025-03-01 09:07:00,080 INFO: [ModuleC] - Process recovered.
2025-03-01 09:08:00,090 WARNING: [ModuleB] - Disk space low.
2025-03-01 09:09:00,100 INFO: [ModuleA] - Process completed.
2025-03-01 09:10:00,110 INFO: [ModuleD] - New session started.
2025-03-01 09:11:00,120 DEBUG: [ModuleE] - Session details logged.
2025-03-01 09:12:00,130 ERROR: [ModuleD] - Session terminated unexpectedly.
2025-03-01 09:13:00,140 INFO: [ModuleF] - System check passed.
2025-03-01 09:14:00,150 DEBUG: [ModuleG] - Memory allocation optimized.
2025-03-01 09:15:00,160 INFO: [ModuleH] - Service initialized.
2025-03-01 09:16:00,170 WARNING: [ModuleH] - Service experiencing high load.
2025-03-01 09:17:00,180 INFO: [ModuleI] - User login successful.
2025-03-01 09:18:00,190 ERROR: [ModuleI] - Failed login attempt detected.
2025-03-01 09:19:00,200 INFO: [ModuleJ] - User session ended.
